<?xml version="1.0" encoding="UTF-8" ?>
<testsuite tests="55" failures="0" name="runner.TestRunner" time="24.937" errors="0" skipped="0">
  <properties>
[...]
</properties>
  <testcase classname="SignUp on Flyaway website" name="I have launched the Flyaway application" time="3.148"/>
  <testcase classname="SignUp on Flyaway website" name="I click on Login" time="0.137"/>
  <testcase classname="SignUp on Flyaway website" name="I click on Signup" time="0.07"/>
  <testcase classname="SignUp on Flyaway website" name="I enter email as &quot;john2@doe.com&quot;" time="0.035"/>
  <testcase classname="SignUp on Flyaway website" name="I enter password and confirm password as &quot;aaaaaa&quot;" time="0.032"/>
  <testcase classname="SignUp on Flyaway website" name="I enter name as &quot;name&quot;" time="0.016"/>
  <testcase classname="SignUp on Flyaway website" name="I enter address as &quot;address&quot;" time="0.014"/>
  <testcase classname="SignUp on Flyaway website" name="I enter city as &quot;city&quot;" time="0.015"/>
  <testcase classname="SignUp on Flyaway website" name="I click on Signup button" time="0.083"/>
  <testcase classname="SignUp on Flyaway website" name="I should get the user successfully registered" time="0.031"/>
  <testcase classname="SignUp on Flyaway website" name="SignUp on Flyaway website" time="1.117"/>
  <testcase classname="Login on Flyaway website" name="I have launched the Flyaway application" time="3.16"/>
  <testcase classname="Login on Flyaway website" name="I click on Login on the Home page" time="0.112"/>
  <testcase classname="Login on Flyaway website" name="I enter email as &quot;john2@doe.com&quot; on the Login page" time="0.03"/>
  <testcase classname="Login on Flyaway website" name="I enter password as &quot;aaaaaa&quot; on the Login page" time="0.016"/>
  <testcase classname="Login on Flyaway website" name="I click on Login button on the Login page" time="0.07"/>
  <testcase classname="Login on Flyaway website" name="I should be able to login successfully" time="0.055"/>
  <testcase classname="Login on Flyaway website" name="Login on Flyaway website" time="1.009"/>
  <testcase classname="Flight search on Flyaway website" name="I have launched the Flyaway application" time="3.151"/>
  <testcase classname="Flight search on Flyaway website" name="I click on Login on the Home page" time="0.111"/>
  <testcase classname="Flight search on Flyaway website" name="I enter email as &quot;john2@doe.com&quot; on the Login page" time="0.039"/>
  <testcase classname="Flight search on Flyaway website" name="I enter password as &quot;aaaaaa&quot; on the Login page" time="0.016"/>
  <testcase classname="Flight search on Flyaway website" name="I click on Login button on the Login page" time="0.073"/>
  <testcase classname="Flight search on Flyaway website" name="I click on Home page link" time="0.061"/>
  <testcase classname="Flight search on Flyaway website" name="I select &quot;Bangalore&quot; to &quot;Hyderabad&quot; as the source &amp; desitnation" time="0.546"/>
  <testcase classname="Flight search on Flyaway website" name="I click on Submit" time="0.074"/>
  <testcase classname="Flight search on Flyaway website" name="I confirm that the flight exists for booking" time="0.057"/>
  <testcase classname="Flight search on Flyaway website" name="I click on the Book Flight button" time="0.064"/>
  <testcase classname="Flight search on Flyaway website" name="I confirm whether the flight ID is the same in the Book Flight link and the database" time="0.009"/>
  <testcase classname="Flight search on Flyaway website" name="Flight search on Flyaway website" time="0.982"/>
  <testcase classname="Flight booking on Flyaway website" name="I have launched the Flyaway application" time="3.15"/>
  <testcase classname="Flight booking on Flyaway website" name="I click on Login on the Home page" time="0.102"/>
  <testcase classname="Flight booking on Flyaway website" name="I enter email as &quot;john2@doe.com&quot; on the Login page" time="0.032"/>
  <testcase classname="Flight booking on Flyaway website" name="I enter password as &quot;aaaaaa&quot; on the Login page" time="0.016"/>
  <testcase classname="Flight booking on Flyaway website" name="I click on Login button on the Login page" time="0.065"/>
  <testcase classname="Flight booking on Flyaway website" name="I click on Home page link" time="0.062"/>
  <testcase classname="Flight booking on Flyaway website" name="I select &quot;Bangalore&quot; to &quot;Hyderabad&quot; as the source &amp; desitnation" time="0.552"/>
  <testcase classname="Flight booking on Flyaway website" name="I click on Submit" time="0.099"/>
  <testcase classname="Flight booking on Flyaway website" name="I confirm that the flight exists for booking" time="0.064"/>
  <testcase classname="Flight booking on Flyaway website" name="I click on the Book Flight button" time="0.057"/>
  <testcase classname="Flight booking on Flyaway website" name="I confirm my booking after checking the source and desitnation in the flight details" time="0.027"/>
  <testcase classname="Flight booking on Flyaway website" name="Flight booking on Flyaway website" time="0.98"/>
  <testcase classname="Flight booking confirmation on Flyaway website" name="I have launched the Flyaway application" time="3.147"/>
  <testcase classname="Flight booking confirmation on Flyaway website" name="I click on Login on the Home page" time="0.094"/>
  <testcase classname="Flight booking confirmation on Flyaway website" name="I enter email as &quot;john2@doe.com&quot; on the Login page" time="0.028"/>
  <testcase classname="Flight booking confirmation on Flyaway website" name="I enter password as &quot;aaaaaa&quot; on the Login page" time="0.016"/>
  <testcase classname="Flight booking confirmation on Flyaway website" name="I click on Login button on the Login page" time="0.074"/>
  <testcase classname="Flight booking confirmation on Flyaway website" name="I click on Home page link" time="0.068"/>
  <testcase classname="Flight booking confirmation on Flyaway website" name="I select &quot;Bangalore&quot; to &quot;Hyderabad&quot; as the source &amp; desitnation" time="0.562"/>
  <testcase classname="Flight booking confirmation on Flyaway website" name="I click on Submit" time="0.072"/>
  <testcase classname="Flight booking confirmation on Flyaway website" name="I confirm that the flight exists for booking" time="0.052"/>
  <testcase classname="Flight booking confirmation on Flyaway website" name="I click on the Book Flight button" time="0.054"/>
  <testcase classname="Flight booking confirmation on Flyaway website" name="I click on the Click to complete booking link" time="0.07"/>
  <testcase classname="Flight booking confirmation on Flyaway website" name="I confirm my booking after landing on the final verification page" time="0.036"/>
  <testcase classname="Flight booking confirmation on Flyaway website" name="Flight booking confirmation on Flyaway website" time="1.125"/>
</testsuite>